<?xml version="1.0" encoding="UTF-8"?>
<testsuite xmlns:xsi="http://www.w3.org/2001/XMLSchema-instance" xsi:noNamespaceSchemaLocation="https://maven.apache.org/surefire/maven-surefire-plugin/xsd/surefire-test-report.xsd" name="nhl.stenden.factorymethod.XMLAccessorTest" time="0.051" tests="5" errors="0" skipped="0" failures="0">
  <properties>
[...]
</properties>
  <testcase name="testSaveFile" classname="nhl.stenden.factorymethod.XMLAccessorTest" time="0.013"/>
  <testcase name="testEmptyPresentation" classname="nhl.stenden.factorymethod.XMLAccessorTest" time="0.001"/>
  <testcase name="testLoadFileWithTextItems" classname="nhl.stenden.factorymethod.XMLAccessorTest" time="0.029"/>
  <testcase name="testNonExistentFile" classname="nhl.stenden.factorymethod.XMLAccessorTest" time="0.001"/>
  <testcase name="testLoadFileWithImageItems" classname="nhl.stenden.factorymethod.XMLAccessorTest" time="0.002"/>
</testsuite>